<?xml version="1.0" encoding="UTF-8"?>
<!-- Generated by org.testng.reporters.JUnitReportReporter -->
<testsuite hostname="LIN24004557" failures="0" tests="1" name="SearchTest" time="14.415" errors="0" timestamp="2024-11-08T14:08:58 IST" skipped="0">
  <testcase classname="SearchTest" name="verifyIfSearchTermShowsRelevantResults" time="14.415"/>
  <system-out/>
</testsuite> <!-- SearchTest -->
