<?xml version="1.0" encoding="UTF-8"?>
<!-- Generated by org.testng.reporters.JUnitReportReporter -->
<testsuite hostname="LIN24004557" failures="0" tests="4" name="SearchTest" time="33.279" errors="0" timestamp="2024-11-08T11:43:27 IST" skipped="0">
  <testcase classname="SearchTest" name="verifySearchUnavailableProduct" time="7.993"/>
  <system-out/>
  <testcase classname="SearchTest" name="verifySearchResultCountMatchesDisplayedItems" time="7.938"/>
  <system-out/>
  <testcase classname="SearchTest" name="verifyBrandSearchListsOnlyBrandItems" time="6.707"/>
  <system-out/>
  <testcase classname="SearchTest" name="verifyIfSearchTermShowsRelevantResults" time="10.641"/>
  <system-out/>
</testsuite> <!-- SearchTest -->
