<?xml version="1.0" encoding="UTF-8"?>
<!-- Generated by org.testng.reporters.JUnitReportReporter -->
<testsuite hostname="LIN24004557" failures="0" tests="4" name="SearchTest" time="47.640" errors="0" timestamp="2024-11-09T19:47:09 IST" skipped="0">
  <testcase classname="SearchTest" name="verifyBrandSearchListsOnlyBrandItems" time="12.259"/>
  <system-out/>
  <testcase classname="SearchTest" name="verifySearchUnavailableProduct" time="10.886"/>
  <system-out/>
  <testcase classname="SearchTest" name="verifyIfSearchTermShowsRelevantResults" time="12.736"/>
  <system-out/>
  <testcase classname="SearchTest" name="verifySearchResultCountMatchesDisplayedItems" time="11.759"/>
  <system-out/>
</testsuite> <!-- SearchTest -->
